<?xml version="1.0" encoding="UTF-8"?>
<testsuite xmlns:xsi="http://www.w3.org/2001/XMLSchema-instance" xsi:noNamespaceSchemaLocation="https://maven.apache.org/surefire/maven-surefire-plugin/xsd/surefire-test-report.xsd" name="runner.TestRunner" time="192.718" tests="14" errors="0" skipped="0" failures="0">
  <properties>
[...]
</properties>
  <testcase name="Login with valid credentials #1" classname="Login Functionality" time="18.895"/>
  <testcase name="Login with valid credentials #2" classname="Login Functionality" time="16.381"/>
  <testcase name="Login with valid credentials #3" classname="Login Functionality" time="11.85"/>
  <testcase name="Login with invalid credentials" classname="Login Functionality" time="11.744"/>
  <testcase name="Login with valid email and invalid password" classname="Login Functionality" time="10.93"/>
  <testcase name="Login with invalid email and valid password" classname="Login Functionality" time="13.963"/>
  <testcase name="Login without providing any credentails" classname="Login Functionality" time="12.969"/>
  <testcase name="User creates an account only with mandatory fields" classname="Registration functionality" time="15.152"/>
  <testcase name="User creates an account with all fields" classname="Registration functionality" time="15.124"/>
  <testcase name="User creates a duplicate account" classname="Registration functionality" time="14.387"/>
  <testcase name="User creates an account without filling any details" classname="Registration functionality" time="16.515"/>
  <testcase name="User searches for a valid product" classname="Search functionality" time="9.53"/>
  <testcase name="User searches for an invalid product" classname="Search functionality" time="9.554"/>
  <testcase name="User searches without any product" classname="Search functionality" time="10.49"/>
</testsuite>